<?xml version="1.0" encoding="UTF-8"?>
<!-- Generated by org.testng.reporters.JUnitXMLReporter -->
<testsuite ignored="0" hostname="Airs-Air" failures="1" tests="1" name="Test" time="6.852" errors="0" timestamp="2022-09-21T22:02:33 EDT">
  <testcase classname="bongodeshi.LoginTest" name="bdLogin" time="6.535">
    <failure type="org.openqa.selenium.ElementClickInterceptedException" message="Element &amp;lt;a href=&amp;quot;https://bongodeshi.com/online-shop/&amp;quot;&amp;gt; is not clickable at point (298,78) because another element &amp;lt;div id=&amp;quot;preloader&amp;quot;&amp;gt; obscures it
Build info: version: &amp;apos;4.4.0&amp;apos;, revision: &amp;apos;e5c75ed026a&amp;apos;
System info: host: &amp;apos;Airs-Air&amp;apos;, ip: &amp;apos;fe80:0:0:0:1c57:9911:6c67:b509%en0&amp;apos;, os.name: &amp;apos;Mac OS X&amp;apos;, os.arch: &amp;apos;x86_64&amp;apos;, os.version: &amp;apos;12.5.1&amp;apos;, java.version: &amp;apos;18.0.1&amp;apos;
Driver info: org.openqa.selenium.firefox.FirefoxDriver
Command: [ac092ae2-fa36-4d70-8eca-932a5b3cb62a, clickElement {id=98c065fb-47f8-4f89-9d4b-852423d6e61b}]
Capabilities {acceptInsecureCerts: true, browserName: firefox, browserVersion: 105.0, moz:accessibilityChecks: false, moz:buildID: 20220915150737, moz:debuggerAddress: 127.0.0.1:62645, moz:geckodriverVersion: 0.31.0, moz:headless: false, moz:platformVersion: 21.6.0, moz:processID: 6336, moz:profile: /var/folders/lb/jkky515114l..., moz:shutdownTimeout: 60000, moz:useNonSpecCompliantPointerOrigin: false, moz:webdriverClick: true, moz:windowless: false, pageLoadStrategy: normal, platformName: MAC, proxy: Proxy(), se:cdp: ws://127.0.0.1:62645/devtoo..., se:cdpVersion: 85.0, setWindowRect: true, strictFileInteractability: false, timeouts: {implicit: 0, pageLoad: 300000, script: 30000}, unhandledPromptBehavior: dismiss and notify}
Element: [[FirefoxDriver: firefox on MAC (ac092ae2-fa36-4d70-8eca-932a5b3cb62a)] -&amp;gt; xpath: //a[@href=&amp;apos;https://bongodeshi.com/online-shop/&amp;apos;]]
Session ID: ac092ae2-fa36-4d70-8eca-932a5b3cb62a">
      <![CDATA[org.openqa.selenium.ElementClickInterceptedException: Element <a href="https://bongodeshi.com/online-shop/"> is not clickable at point (298,78) because another element <div id="preloader"> obscures it
Build info: version: '4.4.0', revision: 'e5c75ed026a'
System info: host: 'Airs-Air', ip: 'fe80:0:0:0:1c57:9911:6c67:b509%en0', os.name: 'Mac OS X', os.arch: 'x86_64', os.version: '12.5.1', java.version: '18.0.1'
Driver info: org.openqa.selenium.firefox.FirefoxDriver
Command: [ac092ae2-fa36-4d70-8eca-932a5b3cb62a, clickElement {id=98c065fb-47f8-4f89-9d4b-852423d6e61b}]
Capabilities {acceptInsecureCerts: true, browserName: firefox, browserVersion: 105.0, moz:accessibilityChecks: false, moz:buildID: 20220915150737, moz:debuggerAddress: 127.0.0.1:62645, moz:geckodriverVersion: 0.31.0, moz:headless: false, moz:platformVersion: 21.6.0, moz:processID: 6336, moz:profile: /var/folders/lb/jkky515114l..., moz:shutdownTimeout: 60000, moz:useNonSpecCompliantPointerOrigin: false, moz:webdriverClick: true, moz:windowless: false, pageLoadStrategy: normal, platformName: MAC, proxy: Proxy(), se:cdp: ws://127.0.0.1:62645/devtoo..., se:cdpVersion: 85.0, setWindowRect: true, strictFileInteractability: false, timeouts: {implicit: 0, pageLoad: 300000, script: 30000}, unhandledPromptBehavior: dismiss and notify}
Element: [[FirefoxDriver: firefox on MAC (ac092ae2-fa36-4d70-8eca-932a5b3cb62a)] -> xpath: //a[@href='https://bongodeshi.com/online-shop/']]
Session ID: ac092ae2-fa36-4d70-8eca-932a5b3cb62a
at org.openqa.selenium.remote.codec.w3c.W3CHttpResponseCodec.createException(W3CHttpResponseCodec.java:200)
at org.openqa.selenium.remote.codec.w3c.W3CHttpResponseCodec.decode(W3CHttpResponseCodec.java:133)
at org.openqa.selenium.remote.codec.w3c.W3CHttpResponseCodec.decode(W3CHttpResponseCodec.java:53)
at org.openqa.selenium.remote.HttpCommandExecutor.execute(HttpCommandExecutor.java:184)
at org.openqa.selenium.remote.service.DriverCommandExecutor.invokeExecute(DriverCommandExecutor.java:167)
at org.openqa.selenium.remote.service.DriverCommandExecutor.execute(DriverCommandExecutor.java:142)
at org.openqa.selenium.remote.RemoteWebDriver.execute(RemoteWebDriver.java:547)
at org.openqa.selenium.remote.RemoteWebElement.execute(RemoteWebElement.java:257)
at org.openqa.selenium.remote.RemoteWebElement.click(RemoteWebElement.java:78)
at bongodeshi.LoginTest.bdLogin(LoginTest.java:20)
at java.base/java.util.ArrayList.forEach(ArrayList.java:1511)
... Removed 28 stack frames]]>
    </failure>
  </testcase> <!-- bdLogin -->
</testsuite> <!-- Test -->
