<?xml version="1.0" encoding="UTF-8"?>
<testng-results skipped="0" failed="0" ignored="0" total="1" passed="1">
  <reporter-output>
  </reporter-output>
  <suite name="Suite" duration-ms="11126" started-at="2022-09-24T20:39:42 EDT" finished-at="2022-09-24T20:39:53 EDT">
    <groups>
    </groups>
    <test name="Test" duration-ms="11126" started-at="2022-09-24T20:39:42 EDT" finished-at="2022-09-24T20:39:53 EDT">
      <class name="bongodeshi.LoginTest">
        <test-method status="PASS" signature="bdLogin()[pri:0, instance:bongodeshi.LoginTest@57c758ac]" name="bdLogin" duration-ms="11089" started-at="2022-09-24T20:39:42 EDT" finished-at="2022-09-24T20:39:53 EDT">
          <reporter-output>
          </reporter-output>
        </test-method> <!-- bdLogin -->
      </class> <!-- bongodeshi.LoginTest -->
    </test> <!-- Test -->
  </suite> <!-- Suite -->
</testng-results>
