<?xml version="1.0" encoding="UTF-8"?>
<testsuite xmlns:xsi="http://www.w3.org/2001/XMLSchema-instance" xsi:noNamespaceSchemaLocation="https://maven.apache.org/surefire/maven-surefire-plugin/xsd/surefire-test-report-3.0.xsd" version="3.0" name="TestSuite" time="12.339" tests="1" errors="0" skipped="0" failures="0">
  <properties>
[...]
</properties>
  <testcase name="bdLogin" classname="bongodeshi.LoginTest" time="11.104">
    <system-out><![CDATA[[DEBUG] 2022-09-24 20:39:43.370 [main] InternalLoggerFactory - Using Log4J2 as the default logging framework
[DEBUG] 2022-09-24 20:39:43.379 [main] ResourceLeakDetector - -Dio.netty.leakDetection.level: simple
[DEBUG] 2022-09-24 20:39:43.379 [main] ResourceLeakDetector - -Dio.netty.leakDetection.targetRecords: 4
[DEBUG] 2022-09-24 20:39:43.386 [main] ResourceLeakDetectorFactory - Loaded default ResourceLeakDetector: io.netty.util.ResourceLeakDetector@46dffdc3
[DEBUG] 2022-09-24 20:39:43.463 [main] PlatformDependent0 - -Dio.netty.noUnsafe: false
[DEBUG] 2022-09-24 20:39:43.465 [main] PlatformDependent0 - Java version: 8
[DEBUG] 2022-09-24 20:39:43.467 [main] PlatformDependent0 - sun.misc.Unsafe.theUnsafe: available
[DEBUG] 2022-09-24 20:39:43.467 [main] PlatformDependent0 - sun.misc.Unsafe.copyMemory: available
[DEBUG] 2022-09-24 20:39:43.467 [main] PlatformDependent0 - sun.misc.Unsafe.storeFence: available
[DEBUG] 2022-09-24 20:39:43.468 [main] PlatformDependent0 - java.nio.Buffer.address: available
[DEBUG] 2022-09-24 20:39:43.468 [main] PlatformDependent0 - direct buffer constructor: available
[DEBUG] 2022-09-24 20:39:43.469 [main] PlatformDependent0 - java.nio.Bits.unaligned: available, true
[DEBUG] 2022-09-24 20:39:43.469 [main] PlatformDependent0 - jdk.internal.misc.Unsafe.allocateUninitializedArray(int): unavailable prior to Java9
[DEBUG] 2022-09-24 20:39:43.469 [main] PlatformDependent0 - java.nio.DirectByteBuffer.<init>(long, int): available
[DEBUG] 2022-09-24 20:39:43.469 [main] PlatformDependent - sun.misc.Unsafe: available
[DEBUG] 2022-09-24 20:39:43.470 [main] PlatformDependent - -Dio.netty.tmpdir: /var/folders/lb/jkky515114lcnn3q6pdmw8x00000gp/T (java.io.tmpdir)
[DEBUG] 2022-09-24 20:39:43.471 [main] PlatformDependent - -Dio.netty.bitMode: 64 (sun.arch.data.model)
[DEBUG] 2022-09-24 20:39:43.476 [main] PlatformDependent - Platform: MacOS
[DEBUG] 2022-09-24 20:39:43.476 [main] PlatformDependent - -Dio.netty.maxDirectMemory: 1908932608 bytes
[DEBUG] 2022-09-24 20:39:43.476 [main] PlatformDependent - -Dio.netty.uninitializedArrayAllocationThreshold: -1
[DEBUG] 2022-09-24 20:39:43.477 [main] CleanerJava6 - java.nio.ByteBuffer.cleaner(): available
[DEBUG] 2022-09-24 20:39:43.477 [main] PlatformDependent - -Dio.netty.noPreferDirect: false
[DEBUG] 2022-09-24 20:39:43.483 [main] PlatformDependent - org.jctools-core.MpscChunkedArrayQueue: available
[DEBUG] 2022-09-24 20:39:43.504 [main] InternalThreadLocalMap - -Dio.netty.threadLocalMap.stringBuilder.initialSize: 1024
[DEBUG] 2022-09-24 20:39:43.505 [main] InternalThreadLocalMap - -Dio.netty.threadLocalMap.stringBuilder.maxSize: 4096
[DEBUG] 2022-09-24 20:39:43.881 [main] JdkSslContext - Default protocols (JDK): [TLSv1.2] 
[DEBUG] 2022-09-24 20:39:43.882 [main] JdkSslContext - Default cipher suites (JDK): [TLS_ECDHE_ECDSA_WITH_AES_256_GCM_SHA384, TLS_ECDHE_ECDSA_WITH_AES_128_GCM_SHA256, TLS_ECDHE_RSA_WITH_AES_128_GCM_SHA256, TLS_ECDHE_RSA_WITH_AES_256_GCM_SHA384, TLS_ECDHE_RSA_WITH_AES_128_CBC_SHA, TLS_ECDHE_RSA_WITH_AES_256_CBC_SHA, TLS_RSA_WITH_AES_128_GCM_SHA256, TLS_RSA_WITH_AES_128_CBC_SHA, TLS_RSA_WITH_AES_256_CBC_SHA, TLS_AES_128_GCM_SHA256, TLS_AES_256_GCM_SHA384]
[DEBUG] 2022-09-24 20:39:43.899 [main] MultithreadEventLoopGroup - -Dio.netty.eventLoopThreads: 16
[DEBUG] 2022-09-24 20:39:43.904 [main] NioEventLoop - -Dio.netty.noKeySetOptimization: false
[DEBUG] 2022-09-24 20:39:43.904 [main] NioEventLoop - -Dio.netty.selectorAutoRebuildThreshold: 512
[TRACE] 2022-09-24 20:39:43.907 [main] NioEventLoop - instrumented a special java.util.Set into: sun.nio.ch.KQueueSelectorImpl@3276732
[TRACE] 2022-09-24 20:39:43.907 [main] NioEventLoop - instrumented a special java.util.Set into: sun.nio.ch.KQueueSelectorImpl@19fe4644
[TRACE] 2022-09-24 20:39:43.907 [main] NioEventLoop - instrumented a special java.util.Set into: sun.nio.ch.KQueueSelectorImpl@21d8bcbe
[TRACE] 2022-09-24 20:39:43.907 [main] NioEventLoop - instrumented a special java.util.Set into: sun.nio.ch.KQueueSelectorImpl@5be067de
[TRACE] 2022-09-24 20:39:43.907 [main] NioEventLoop - instrumented a special java.util.Set into: sun.nio.ch.KQueueSelectorImpl@7383eae2
[TRACE] 2022-09-24 20:39:43.907 [main] NioEventLoop - instrumented a special java.util.Set into: sun.nio.ch.KQueueSelectorImpl@18245eb0
[TRACE] 2022-09-24 20:39:43.907 [main] NioEventLoop - instrumented a special java.util.Set into: sun.nio.ch.KQueueSelectorImpl@7c7d3c46
[TRACE] 2022-09-24 20:39:43.908 [main] NioEventLoop - instrumented a special java.util.Set into: sun.nio.ch.KQueueSelectorImpl@24fb6a80
[TRACE] 2022-09-24 20:39:43.908 [main] NioEventLoop - instrumented a special java.util.Set into: sun.nio.ch.KQueueSelectorImpl@48c35007
[TRACE] 2022-09-24 20:39:43.908 [main] NioEventLoop - instrumented a special java.util.Set into: sun.nio.ch.KQueueSelectorImpl@72a85671
[TRACE] 2022-09-24 20:39:43.908 [main] NioEventLoop - instrumented a special java.util.Set into: sun.nio.ch.KQueueSelectorImpl@6722db6e
[TRACE] 2022-09-24 20:39:43.908 [main] NioEventLoop - instrumented a special java.util.Set into: sun.nio.ch.KQueueSelectorImpl@18f20260
[TRACE] 2022-09-24 20:39:43.908 [main] NioEventLoop - instrumented a special java.util.Set into: sun.nio.ch.KQueueSelectorImpl@4ae33a11
[TRACE] 2022-09-24 20:39:43.908 [main] NioEventLoop - instrumented a special java.util.Set into: sun.nio.ch.KQueueSelectorImpl@7a48e6e2
[TRACE] 2022-09-24 20:39:43.908 [main] NioEventLoop - instrumented a special java.util.Set into: sun.nio.ch.KQueueSelectorImpl@b40bb6e
[TRACE] 2022-09-24 20:39:43.908 [main] NioEventLoop - instrumented a special java.util.Set into: sun.nio.ch.KQueueSelectorImpl@3a94964
[DEBUG] 2022-09-24 20:39:43.922 [main] PooledByteBufAllocator - -Dio.netty.allocator.numHeapArenas: 16
[DEBUG] 2022-09-24 20:39:43.923 [main] PooledByteBufAllocator - -Dio.netty.allocator.numDirectArenas: 16
[DEBUG] 2022-09-24 20:39:43.923 [main] PooledByteBufAllocator - -Dio.netty.allocator.pageSize: 8192
[DEBUG] 2022-09-24 20:39:43.923 [main] PooledByteBufAllocator - -Dio.netty.allocator.maxOrder: 9
[DEBUG] 2022-09-24 20:39:43.923 [main] PooledByteBufAllocator - -Dio.netty.allocator.chunkSize: 4194304
[DEBUG] 2022-09-24 20:39:43.923 [main] PooledByteBufAllocator - -Dio.netty.allocator.smallCacheSize: 256
[DEBUG] 2022-09-24 20:39:43.923 [main] PooledByteBufAllocator - -Dio.netty.allocator.normalCacheSize: 64
[DEBUG] 2022-09-24 20:39:43.923 [main] PooledByteBufAllocator - -Dio.netty.allocator.maxCachedBufferCapacity: 32768
[DEBUG] 2022-09-24 20:39:43.923 [main] PooledByteBufAllocator - -Dio.netty.allocator.cacheTrimInterval: 8192
[DEBUG] 2022-09-24 20:39:43.923 [main] PooledByteBufAllocator - -Dio.netty.allocator.cacheTrimIntervalMillis: 0
[DEBUG] 2022-09-24 20:39:43.923 [main] PooledByteBufAllocator - -Dio.netty.allocator.useCacheForAllThreads: false
[DEBUG] 2022-09-24 20:39:43.923 [main] PooledByteBufAllocator - -Dio.netty.allocator.maxCachedByteBuffersPerChunk: 1023
[DEBUG] 2022-09-24 20:39:43.930 [main] ByteBufUtil - -Dio.netty.allocator.type: pooled
[DEBUG] 2022-09-24 20:39:43.930 [main] ByteBufUtil - -Dio.netty.threadLocalDirectBufferSize: 0
[DEBUG] 2022-09-24 20:39:43.930 [main] ByteBufUtil - -Dio.netty.maxThreadLocalCharBufferSize: 16384
[DEBUG] 2022-09-24 20:39:44.189 [Forwarding newSession on session null to remote] DefaultChannelId - -Dio.netty.processId: 1346 (auto-detected)
[DEBUG] 2022-09-24 20:39:44.192 [Forwarding newSession on session null to remote] NetUtil - -Djava.net.preferIPv4Stack: false
[DEBUG] 2022-09-24 20:39:44.193 [Forwarding newSession on session null to remote] NetUtil - -Djava.net.preferIPv6Addresses: false
[DEBUG] 2022-09-24 20:39:44.194 [Forwarding newSession on session null to remote] NetUtilInitializations - Loopback interface: lo0 (lo0, 0:0:0:0:0:0:0:1%lo0)
[DEBUG] 2022-09-24 20:39:44.194 [Forwarding newSession on session null to remote] NetUtil - Failed to get SOMAXCONN from sysctl and file /proc/sys/net/core/somaxconn. Default: 128
[DEBUG] 2022-09-24 20:39:44.196 [Forwarding newSession on session null to remote] DefaultChannelId - -Dio.netty.machineId: b0:be:83:ff:fe:28:41:77 (auto-detected)
[DEBUG] 2022-09-24 20:39:44.251 [AsyncHttpClient-1-2] AbstractByteBuf - -Dio.netty.buffer.checkAccessible: true
[DEBUG] 2022-09-24 20:39:44.252 [AsyncHttpClient-1-2] AbstractByteBuf - -Dio.netty.buffer.checkBounds: true
[DEBUG] 2022-09-24 20:39:44.252 [AsyncHttpClient-1-2] ResourceLeakDetectorFactory - Loaded default ResourceLeakDetector: io.netty.util.ResourceLeakDetector@1ecfb30f
[DEBUG] 2022-09-24 20:39:44.278 [AsyncHttpClient-1-2] Recycler - -Dio.netty.recycler.maxCapacityPerThread: 4096
[DEBUG] 2022-09-24 20:39:44.278 [AsyncHttpClient-1-2] Recycler - -Dio.netty.recycler.ratio: 8
[DEBUG] 2022-09-24 20:39:44.278 [AsyncHttpClient-1-2] Recycler - -Dio.netty.recycler.chunkSize: 32
[DEBUG] 2022-09-24 20:39:44.278 [AsyncHttpClient-1-2] Recycler - -Dio.netty.recycler.blocking: false
[DEBUG] 2022-09-24 20:39:46.719 [AsyncHttpClient-1-2] Brotli - brotli4j not in the classpath; Brotli support will be unavailable.
[DEBUG] 2022-09-24 20:39:53.407 [main] ThreadLocalRandom - -Dio.netty.initialSeedUniquifier: 0x3a19eae94c69f105
]]></system-out>
    <system-err><![CDATA[SLF4J: Failed to load class "org.slf4j.impl.StaticLoggerBinder".
SLF4J: Defaulting to no-operation (NOP) logger implementation
SLF4J: See http://www.slf4j.org/codes.html#StaticLoggerBinder for further details.
1664066384034	geckodriver	INFO	Listening on 127.0.0.1:49339
1664066384303	mozrunner::runner	INFO	Running command: "/Applications/Firefox.app/Contents/MacOS/firefox-bin" "--marionette" "--remote-debugging-port" "58666" "--remote-allow-hosts" "localhost" "--remote-allow-origins" "http://localhost:58666/" "-foreground" "-no-remote" "-profile" "/var/folders/lb/jkky515114lcnn3q6pdmw8x00000gp/T/rust_mozprofileKb9s7V"
2022-09-24 20:39:45.055 plugin-container[1350:28550] nil host used in call to allowsSpecificHTTPSCertificateForHost
2022-09-24 20:39:45.055 plugin-container[1350:28550] nil host used in call to allowsAnyHTTPSCertificateForHost:
2022-09-24 20:39:45.103 plugin-container[1350:28550] nil host used in call to allowsSpecificHTTPSCertificateForHost
2022-09-24 20:39:45.103 plugin-container[1350:28550] nil host used in call to allowsAnyHTTPSCertificateForHost:
2022-09-24 20:39:45.103 plugin-container[1350:28575] nil host used in call to allowsSpecificHTTPSCertificateForHost
2022-09-24 20:39:45.103 plugin-co1664066385117	Marionette	INFO	Marionette ntainer[1350:28575] nil host used in call to allowsAnyHTTPSCertificateForHost:
enabled
1664066385273	Marionette	INFO	Listening on port 50081
Read port: 50081
WebDriver BiDi listening on ws://127.0.0.1:58666
1664066385414	RemoteAgent	WARN	TLS certificate errors will be ignored for this session
console.warn: SearchSettings: "get: No settings file exists, new profile?" (new NotFoundError("Could not open the file at /var/folders/lb/jkky515114lcnn3q6pdmw8x00000gp/T/rust_mozprofileKb9s7V/search.json.mozlz4", (void 0)))
DevTools listening on ws://127.0.0.1:58666/devtools/browser/cf21162c-c437-4d03-bcba-fab2b6fad5f7
Sep 24, 2022 8:39:46 PM org.openqa.selenium.remote.ProtocolHandshake createSession
INFO: Detected upstream dialect: W3C
1664066393420	RemoteAgent	INFO	Perform WebSocket upgrade for incoming connection from 127.0.0.1:50134
JavaScript error: chrome://remote/content/server/WebSocketHandshake.jsm, line 174: Error: The handshake request has incorrect Origin header http://127.0.0.1:58666
Sep 24, 2022 8:39:53 PM org.openqa.selenium.remote.http.WebSocket$Listener onError
WARNING: Invalid Status code=400 text=Bad Request
java.io.IOException: Invalid Status code=400 text=Bad Request
	at org.asynchttpclient.netty.handler.WebSocketHandler.abort(WebSocketHandler.java:92)
	at org.asynchttpclient.netty.handler.WebSocketHandler.handleRead(WebSocketHandler.java:118)
	at org.asynchttpclient.netty.handler.AsyncHttpClientHandler.channelRead(AsyncHttpClientHandler.java:78)
	at io.netty.channel.AbstractChannelHandlerContext.invokeChannelRead(AbstractChannelHandlerContext.java:379)
	at io.netty.channel.AbstractChannelHandlerContext.invokeChannelRead(AbstractChannelHandlerContext.java:365)
	at io.netty.channel.AbstractChannelHandlerContext.fireChannelRead(AbstractChannelHandlerContext.java:357)
	at io.netty.channel.CombinedChannelDuplexHandler$DelegatingChannelHandlerContext.fireChannelRead(CombinedChannelDuplexHandler.java:436)
	at io.netty.handler.codec.ByteToMessageDecoder.fireChannelRead(ByteToMessageDecoder.java:327)
	at io.netty.handler.codec.ByteToMessageDecoder.fireChannelRead(ByteToMessageDecoder.java:314)
	at io.netty.handler.codec.ByteToMessageDecoder.callDecode(ByteToMessageDecoder.java:435)
	at io.netty.handler.codec.ByteToMessageDecoder.channelRead(ByteToMessageDecoder.java:279)
	at io.netty.channel.CombinedChannelDuplexHandler.channelRead(CombinedChannelDuplexHandler.java:251)
	at io.netty.channel.AbstractChannelHandlerContext.invokeChannelRead(AbstractChannelHandlerContext.java:379)
	at io.netty.channel.AbstractChannelHandlerContext.invokeChannelRead(AbstractChannelHandlerContext.java:365)
	at io.netty.channel.AbstractChannelHandlerContext.fireChannelRead(AbstractChannelHandlerContext.java:357)
	at io.netty.channel.DefaultChannelPipeline$HeadContext.channelRead(DefaultChannelPipeline.java:1410)
	at io.netty.channel.AbstractChannelHandlerContext.invokeChannelRead(AbstractChannelHandlerContext.java:379)
	at io.netty.channel.AbstractChannelHandlerContext.invokeChannelRead(AbstractChannelHandlerContext.java:365)
	at io.netty.channel.DefaultChannelPipeline.fireChannelRead(DefaultChannelPipeline.java:919)
	at io.netty.channel.nio.AbstractNioByteChannel$NioByteUnsafe.read(AbstractNioByteChannel.java:166)
	at io.netty.channel.nio.NioEventLoop.processSelectedKey(NioEventLoop.java:722)
	at io.netty.channel.nio.NioEventLoop.processSelectedKeysOptimized(NioEventLoop.java:658)
	at io.netty.channel.nio.NioEventLoop.processSelectedKeys(NioEventLoop.java:584)
	at io.netty.channel.nio.NioEventLoop.run(NioEventLoop.java:496)
	at io.netty.util.concurrent.SingleThreadEventExecutor$4.run(SingleThreadEventExecutor.java:997)
	at io.netty.util.internal.ThreadExecutorMap$2.run(ThreadExecutorMap.java:74)
	at io.netty.util.concurrent.FastThreadLocalRunnable.run(FastThreadLocalRunnable.java:30)
	at java.lang.Thread.run(Thread.java:750)

Sep 24, 2022 8:39:53 PM org.openqa.selenium.remote.RemoteWebDriver close
SEVERE: Failed to disconnect DevTools session
org.openqa.selenium.remote.http.ConnectionFailedException: Unable to establish websocket connection to http://127.0.0.1:58666/devtools/browser/cf21162c-c437-4d03-bcba-fab2b6fad5f7
Build info: version: '4.4.0', revision: 'e5c75ed026a'
System info: host: 'Airs-Air', ip: 'fe80:0:0:0:cd2:b076:f17d:33d4%en0', os.name: 'Mac OS X', os.arch: 'x86_64', os.version: '12.5.1', java.version: '1.8.0_333'
Driver info: driver.version: RemoteWebDriver
	at org.openqa.selenium.remote.http.netty.NettyWebSocket.<init>(NettyWebSocket.java:102)
	at org.openqa.selenium.remote.http.netty.NettyWebSocket.lambda$create$3(NettyWebSocket.java:128)
	at org.openqa.selenium.remote.http.netty.NettyClient.openSocket(NettyClient.java:106)
	at org.openqa.selenium.devtools.Connection.<init>(Connection.java:77)
	at org.openqa.selenium.firefox.FirefoxDriver.maybeGetDevTools(FirefoxDriver.java:249)
	at org.openqa.selenium.remote.RemoteWebDriver.close(RemoteWebDriver.java:425)
	at bongodeshi.LoginTest.bdLogin(LoginTest.java:26)
	at sun.reflect.NativeMethodAccessorImpl.invoke0(Native Method)
	at sun.reflect.NativeMethodAccessorImpl.invoke(NativeMethodAccessorImpl.java:62)
	at sun.reflect.DelegatingMethodAccessorImpl.invoke(DelegatingMethodAccessorImpl.java:43)
	at java.lang.reflect.Method.invoke(Method.java:498)
	at org.testng.internal.invokers.MethodInvocationHelper.invokeMethod(MethodInvocationHelper.java:135)
	at org.testng.internal.invokers.TestInvoker.invokeMethod(TestInvoker.java:673)
	at org.testng.internal.invokers.TestInvoker.invokeTestMethod(TestInvoker.java:220)
	at org.testng.internal.invokers.MethodRunner.runInSequence(MethodRunner.java:50)
	at org.testng.internal.invokers.TestInvoker$MethodInvocationAgent.invoke(TestInvoker.java:945)
	at org.testng.internal.invokers.TestInvoker.invokeTestMethods(TestInvoker.java:193)
	at org.testng.internal.invokers.TestMethodWorker.invokeTestMethods(TestMethodWorker.java:146)
	at org.testng.internal.invokers.TestMethodWorker.run(TestMethodWorker.java:128)
	at java.util.ArrayList.forEach(ArrayList.java:1259)
	at org.testng.TestRunner.privateRun(TestRunner.java:808)
	at org.testng.TestRunner.run(TestRunner.java:603)
	at org.testng.SuiteRunner.runTest(SuiteRunner.java:429)
	at org.testng.SuiteRunner.runSequentially(SuiteRunner.java:423)
	at org.testng.SuiteRunner.privateRun(SuiteRunner.java:383)
	at org.testng.SuiteRunner.run(SuiteRunner.java:326)
	at org.testng.SuiteRunnerWorker.runSuite(SuiteRunnerWorker.java:52)
	at org.testng.SuiteRunnerWorker.run(SuiteRunnerWorker.java:95)
	at org.testng.TestNG.runSuitesSequentially(TestNG.java:1249)
	at org.testng.TestNG.runSuitesLocally(TestNG.java:1169)
	at org.testng.TestNG.runSuites(TestNG.java:1092)
	at org.testng.TestNG.run(TestNG.java:1060)
	at org.apache.maven.surefire.testng.TestNGExecutor.run(TestNGExecutor.java:324)
	at org.apache.maven.surefire.testng.TestNGXmlTestSuite.execute(TestNGXmlTestSuite.java:74)
	at org.apache.maven.surefire.testng.TestNGProvider.invoke(TestNGProvider.java:123)
	at org.apache.maven.surefire.booter.ForkedBooter.runSuitesInProcess(ForkedBooter.java:456)
	at org.apache.maven.surefire.booter.ForkedBooter.execute(ForkedBooter.java:169)
	at org.apache.maven.surefire.booter.ForkedBooter.run(ForkedBooter.java:595)
	at org.apache.maven.surefire.booter.ForkedBooter.main(ForkedBooter.java:581)

1664066393450	Marionette	INFO	Stopped listening on port 50081
]]></system-err>
  </testcase>
</testsuite>