<?xml version="1.0" encoding="UTF-8"?>
<testng-results ignored="0" total="3" passed="3" failed="0" skipped="0">
  <reporter-output>
  </reporter-output>
  <suite started-at="2022-09-24T20:30:16 EDT" name="Default suite" finished-at="2022-09-24T20:30:37 EDT" duration-ms="21330">
    <groups>
    </groups>
    <test started-at="2022-09-24T20:30:16 EDT" name="Default test" finished-at="2022-09-24T20:30:37 EDT" duration-ms="21330">
      <class name="hrmTest.Login">
        <test-method signature="loginHRM(java.lang.String,java.lang.String)[pri:0, instance:hrmTest.Login@4e517165]" started-at="2022-09-24T20:30:16 EDT" name="loginHRM" data-provider="getData" finished-at="2022-09-24T20:30:24 EDT" duration-ms="8140" status="PASS">
          <params>
            <param index="0">
              <value is-null="true"/>
            </param>
            <param index="1">
              <value is-null="true"/>
            </param>
          </params>
          <reporter-output>
          </reporter-output>
        </test-method> <!-- loginHRM -->
        <test-method signature="loginHRM(java.lang.String,java.lang.String)[pri:0, instance:hrmTest.Login@4e517165]" started-at="2022-09-24T20:30:24 EDT" name="loginHRM" data-provider="getData" finished-at="2022-09-24T20:30:31 EDT" duration-ms="6125" status="PASS">
          <params>
            <param index="0">
              <value is-null="true"/>
            </param>
            <param index="1">
              <value>
                <![CDATA[firoz123]]>
              </value>
            </param>
          </params>
          <reporter-output>
          </reporter-output>
        </test-method> <!-- loginHRM -->
        <test-method signature="loginHRM(java.lang.String,java.lang.String)[pri:0, instance:hrmTest.Login@4e517165]" started-at="2022-09-24T20:30:31 EDT" name="loginHRM" data-provider="getData" finished-at="2022-09-24T20:30:37 EDT" duration-ms="6340" status="PASS">
          <params>
            <param index="0">
              <value is-null="true"/>
            </param>
            <param index="1">
              <value>
                <![CDATA[22313]]>
              </value>
            </param>
          </params>
          <reporter-output>
          </reporter-output>
        </test-method> <!-- loginHRM -->
      </class> <!-- hrmTest.Login -->
    </test> <!-- Default test -->
  </suite> <!-- Default suite -->
</testng-results>
